2025-07-26 21:19:12,694 | WARNING | (trapped) error reading bcrypt version
Traceback (most recent call last):
  File "C:\Users\Dell\miniconda3\envs\UA\Lib\site-packages\passlib\handlers\bcrypt.py", line 620, in _load_backend_mixin
    version = _bcrypt.__about__.__version__
              ^^^^^^^^^^^^^^^^^
AttributeError: module 'bcrypt' has no attribute '__about__'
2025-07-26 21:21:54,743 | WARNING | (trapped) error reading bcrypt version
Traceback (most recent call last):
  File "C:\Users\Dell\miniconda3\envs\UA\Lib\site-packages\passlib\handlers\bcrypt.py", line 620, in _load_backend_mixin
    version = _bcrypt.__about__.__version__
              ^^^^^^^^^^^^^^^^^
AttributeError: module 'bcrypt' has no attribute '__about__'
2025-07-26 21:25:43,415 | WARNING | (trapped) error reading bcrypt version
Traceback (most recent call last):
  File "C:\Users\Dell\miniconda3\envs\UA\Lib\site-packages\passlib\handlers\bcrypt.py", line 620, in _load_backend_mixin
    version = _bcrypt.__about__.__version__
              ^^^^^^^^^^^^^^^^^
AttributeError: module 'bcrypt' has no attribute '__about__'
2025-07-26 21:30:25,729 | WARNING | (trapped) error reading bcrypt version
Traceback (most recent call last):
  File "C:\Users\Dell\miniconda3\envs\UA\Lib\site-packages\passlib\handlers\bcrypt.py", line 620, in _load_backend_mixin
    version = _bcrypt.__about__.__version__
              ^^^^^^^^^^^^^^^^^
AttributeError: module 'bcrypt' has no attribute '__about__'
2025-07-26 21:31:33,088 | WARNING | (trapped) error reading bcrypt version
Traceback (most recent call last):
  File "C:\Users\Dell\miniconda3\envs\UA\Lib\site-packages\passlib\handlers\bcrypt.py", line 620, in _load_backend_mixin
    version = _bcrypt.__about__.__version__
              ^^^^^^^^^^^^^^^^^
AttributeError: module 'bcrypt' has no attribute '__about__'
2025-07-26 21:33:59,419 | WARNING | (trapped) error reading bcrypt version
Traceback (most recent call last):
  File "C:\Users\Dell\miniconda3\envs\UA\Lib\site-packages\passlib\handlers\bcrypt.py", line 620, in _load_backend_mixin
    version = _bcrypt.__about__.__version__
              ^^^^^^^^^^^^^^^^^
AttributeError: module 'bcrypt' has no attribute '__about__'
2025-07-26 21:34:00,279 | INFO | register_user executed in 2618.37 ms
2025-07-26 21:35:37,559 | INFO | login_user executed in 554.31 ms
2025-07-26 21:40:12,090 | WARNING | (trapped) error reading bcrypt version
Traceback (most recent call last):
  File "C:\Users\Dell\miniconda3\envs\UA\Lib\site-packages\passlib\handlers\bcrypt.py", line 620, in _load_backend_mixin
    version = _bcrypt.__about__.__version__
              ^^^^^^^^^^^^^^^^^
AttributeError: module 'bcrypt' has no attribute '__about__'
2025-07-26 21:40:12,686 | INFO | register_user executed in 658.36 ms
2025-07-26 21:49:04,059 | WARNING | (trapped) error reading bcrypt version
Traceback (most recent call last):
  File "C:\Users\Dell\miniconda3\envs\UA\Lib\site-packages\passlib\handlers\bcrypt.py", line 620, in _load_backend_mixin
    version = _bcrypt.__about__.__version__
              ^^^^^^^^^^^^^^^^^
AttributeError: module 'bcrypt' has no attribute '__about__'
2025-07-26 21:54:20,540 | WARNING | (trapped) error reading bcrypt version
Traceback (most recent call last):
  File "C:\Users\Dell\miniconda3\envs\UA\Lib\site-packages\passlib\handlers\bcrypt.py", line 620, in _load_backend_mixin
    version = _bcrypt.__about__.__version__
              ^^^^^^^^^^^^^^^^^
AttributeError: module 'bcrypt' has no attribute '__about__'
2025-07-26 22:01:02,390 | WARNING | (trapped) error reading bcrypt version
Traceback (most recent call last):
  File "C:\Users\Dell\miniconda3\envs\UA\Lib\site-packages\passlib\handlers\bcrypt.py", line 620, in _load_backend_mixin
    version = _bcrypt.__about__.__version__
              ^^^^^^^^^^^^^^^^^
AttributeError: module 'bcrypt' has no attribute '__about__'
2025-07-26 22:03:37,722 | INFO | register_user executed in 657.39 ms
2025-07-26 22:32:30,627 | WARNING | (trapped) error reading bcrypt version
Traceback (most recent call last):
  File "C:\Users\Dell\miniconda3\envs\UA\Lib\site-packages\passlib\handlers\bcrypt.py", line 620, in _load_backend_mixin
    version = _bcrypt.__about__.__version__
              ^^^^^^^^^^^^^^^^^
AttributeError: module 'bcrypt' has no attribute '__about__'
2025-07-26 23:11:45,999 | WARNING | (trapped) error reading bcrypt version
Traceback (most recent call last):
  File "C:\Users\Dell\miniconda3\envs\UA\Lib\site-packages\passlib\handlers\bcrypt.py", line 620, in _load_backend_mixin
    version = _bcrypt.__about__.__version__
              ^^^^^^^^^^^^^^^^^
AttributeError: module 'bcrypt' has no attribute '__about__'
2025-07-26 23:11:47,299 | INFO | reset_password executed in 1933.93 ms
2025-07-26 23:31:26,400 | WARNING | (trapped) error reading bcrypt version
Traceback (most recent call last):
  File "C:\Users\Dell\miniconda3\envs\UA\Lib\site-packages\passlib\handlers\bcrypt.py", line 620, in _load_backend_mixin
    version = _bcrypt.__about__.__version__
              ^^^^^^^^^^^^^^^^^
AttributeError: module 'bcrypt' has no attribute '__about__'
2025-07-26 23:31:26,974 | INFO | register_user executed in 2355.28 ms
2025-07-26 23:35:43,770 | INFO | reset_password executed in 1124.59 ms
2025-07-26 23:52:25,676 | WARNING | (trapped) error reading bcrypt version
Traceback (most recent call last):
  File "C:\Users\Dell\miniconda3\envs\UA\Lib\site-packages\passlib\handlers\bcrypt.py", line 620, in _load_backend_mixin
    version = _bcrypt.__about__.__version__
              ^^^^^^^^^^^^^^^^^
AttributeError: module 'bcrypt' has no attribute '__about__'
2025-07-27 00:05:07,275 | WARNING | (trapped) error reading bcrypt version
Traceback (most recent call last):
  File "C:\Users\Dell\miniconda3\envs\UA\Lib\site-packages\passlib\handlers\bcrypt.py", line 620, in _load_backend_mixin
    version = _bcrypt.__about__.__version__
              ^^^^^^^^^^^^^^^^^
AttributeError: module 'bcrypt' has no attribute '__about__'
2025-07-27 19:09:34,675 | WARNING | (trapped) error reading bcrypt version
Traceback (most recent call last):
  File "C:\Users\Dell\miniconda3\Lib\site-packages\passlib\handlers\bcrypt.py", line 620, in _load_backend_mixin
    version = _bcrypt.__about__.__version__
              ^^^^^^^^^^^^^^^^^
AttributeError: module 'bcrypt' has no attribute '__about__'
2025-07-27 19:09:35,398 | INFO | register_user executed in 2305.85 ms
2025-07-27 20:28:00,975 | WARNING | (trapped) error reading bcrypt version
Traceback (most recent call last):
  File "C:\Users\Dell\miniconda3\envs\mini\Lib\site-packages\passlib\handlers\bcrypt.py", line 620, in _load_backend_mixin
    version = _bcrypt.__about__.__version__
              ^^^^^^^^^^^^^^^^^
AttributeError: module 'bcrypt' has no attribute '__about__'
2025-07-27 20:31:08,228 | INFO | register_user executed in 586.51 ms
